Jun 15, 2020 10:49:15 PM org.apache.coyote.http11.Http11Protocol init
INFO: Initializing Coyote HTTP/1.1 on http-9980
Jun 15, 2020 10:49:15 PM org.apache.catalina.startup.Catalina load
INFO: Initialization processed in 715 ms
Jun 15, 2020 10:49:15 PM org.apache.catalina.core.StandardService start
INFO: Starting service Catalina
Jun 15, 2020 10:49:15 PM org.apache.catalina.core.StandardEngine start
INFO: Starting Servlet Engine: Apache Tomcat/5.0.27
Jun 15, 2020 10:49:15 PM org.apache.catalina.core.StandardHost start
INFO: XML validation disabled
Jun 15, 2020 10:49:15 PM org.apache.catalina.core.StandardHost getDeployer
INFO: Create Host deployer for direct deployment ( non-jmx ) 
Jun 15, 2020 10:49:15 PM org.apache.catalina.core.StandardHostDeployer install
INFO: Processing Context configuration file URL file:/home/professors/ajanes/pptam-tool/execute/faban/master/conf/Catalina/localhost/manager.xml
Jun 15, 2020 10:49:15 PM org.apache.catalina.core.StandardHostDeployer install
INFO: Processing Context configuration file URL file:/home/professors/ajanes/pptam-tool/execute/faban/master/conf/Catalina/localhost/admin.xml
Jun 15, 2020 10:49:16 PM org.apache.struts.util.PropertyMessageResources <init>
INFO: Initializing, config='org.apache.struts.util.LocalStrings', returnNull=true
Jun 15, 2020 10:49:16 PM org.apache.struts.util.PropertyMessageResources <init>
INFO: Initializing, config='org.apache.struts.action.ActionResources', returnNull=true
Jun 15, 2020 10:49:16 PM org.apache.struts.util.PropertyMessageResources <init>
INFO: Initializing, config='org.apache.webapp.admin.ApplicationResources', returnNull=true
Jun 15, 2020 10:49:16 PM org.apache.catalina.core.StandardHostDeployer install
INFO: Processing Context configuration file URL file:/home/professors/ajanes/pptam-tool/execute/faban/master/conf/Catalina/localhost/balancer.xml
Jun 15, 2020 10:49:16 PM org.apache.catalina.core.StandardHostDeployer install
INFO: Processing Context configuration file URL file:/home/professors/ajanes/pptam-tool/execute/faban/master/conf/Catalina/localhost/faban.xml
Jun 15, 2020 10:49:17 PM org.apache.catalina.core.StandardHostDeployer install
INFO: Installing web application at context path /fenxi from URL file:/home/professors/ajanes/pptam-tool/execute/faban/master/webapps/fenxi
OpenJDK 64-Bit Server VM warning: You have loaded library /home/professors/ajanes/pptam-tool/execute/faban/master/work/Catalina/localhost/fenxi/loader/com/sun/jna/linux-amd64/libjnidispatch.so which might have disabled stack guard. The VM will try to fix the stack guard now.
It's highly recommended that you fix the library with 'execstack -c <libfile>', or link it with '-z noexecstack'.
JRuby limited openssl loaded. gem install jruby-openssl for full support.
http://wiki.jruby.org/wiki/JRuby_Builtin_OpenSSL
Jun 15, 2020 10:49:24 PM org.apache.catalina.core.StandardHostDeployer install
INFO: Installing web application at context path /faban from URL file:/home/professors/ajanes/pptam-tool/execute/faban/master/webapps/faban
Jun 15, 2020 10:49:24 PM org.apache.coyote.http11.Http11Protocol start
INFO: Starting Coyote HTTP/1.1 on http-9980
Jun 15, 2020 10:49:24 PM org.apache.jk.common.ChannelSocket init
INFO: JK2: ajp13 listening on /0.0.0.0:9985
Jun 15, 2020 10:49:24 PM org.apache.jk.server.JkMain start
INFO: Jk running ID=0 time=0/20  config=/home/professors/ajanes/pptam-tool/execute/faban/master/conf/jk2.properties
Jun 15, 2020 10:49:24 PM org.apache.catalina.startup.Catalina start
INFO: Server startup in 9465 ms
Jun 15, 2020 10:49:43 PM org.apache.coyote.http11.Http11Protocol init
SEVERE: Error initializing endpoint
java.net.BindException: Address already in use (Bind failed):9980
	at org.apache.tomcat.util.net.PoolTcpEndpoint.initEndpoint(PoolTcpEndpoint.java:264)
	at org.apache.coyote.http11.Http11Protocol.init(Http11Protocol.java:137)
	at org.apache.coyote.tomcat5.CoyoteConnector.initialize(CoyoteConnector.java:1429)
	at org.apache.catalina.core.StandardService.initialize(StandardService.java:609)
	at org.apache.catalina.core.StandardServer.initialize(StandardServer.java:2384)
	at org.apache.catalina.startup.Catalina.load(Catalina.java:507)
	at org.apache.catalina.startup.Catalina.load(Catalina.java:528)
	at sun.reflect.NativeMethodAccessorImpl.invoke0(Native Method)
	at sun.reflect.NativeMethodAccessorImpl.invoke(NativeMethodAccessorImpl.java:62)
	at sun.reflect.DelegatingMethodAccessorImpl.invoke(DelegatingMethodAccessorImpl.java:43)
	at java.lang.reflect.Method.invoke(Method.java:498)
	at org.apache.catalina.startup.Bootstrap.load(Bootstrap.java:247)
	at org.apache.catalina.startup.Bootstrap.main(Bootstrap.java:421)

Jun 15, 2020 10:49:44 PM org.apache.catalina.startup.Catalina load
SEVERE: Catalina.start
LifecycleException:  Protocol handler initialization failed: java.net.BindException: Address already in use (Bind failed):9980
	at org.apache.coyote.tomcat5.CoyoteConnector.initialize(CoyoteConnector.java:1431)
	at org.apache.catalina.core.StandardService.initialize(StandardService.java:609)
	at org.apache.catalina.core.StandardServer.initialize(StandardServer.java:2384)
	at org.apache.catalina.startup.Catalina.load(Catalina.java:507)
	at org.apache.catalina.startup.Catalina.load(Catalina.java:528)
	at sun.reflect.NativeMethodAccessorImpl.invoke0(Native Method)
	at sun.reflect.NativeMethodAccessorImpl.invoke(NativeMethodAccessorImpl.java:62)
	at sun.reflect.DelegatingMethodAccessorImpl.invoke(DelegatingMethodAccessorImpl.java:43)
	at java.lang.reflect.Method.invoke(Method.java:498)
	at org.apache.catalina.startup.Bootstrap.load(Bootstrap.java:247)
	at org.apache.catalina.startup.Bootstrap.main(Bootstrap.java:421)

Jun 15, 2020 10:49:44 PM org.apache.catalina.startup.Catalina load
INFO: Initialization processed in 558 ms
Jun 15, 2020 10:49:44 PM org.apache.catalina.core.StandardService start
INFO: Starting service Catalina
Jun 15, 2020 10:49:44 PM org.apache.catalina.core.StandardEngine start
INFO: Starting Servlet Engine: Apache Tomcat/5.0.27
Jun 15, 2020 10:49:44 PM org.apache.catalina.core.StandardHost start
INFO: XML validation disabled
Jun 15, 2020 10:49:44 PM org.apache.catalina.core.StandardHost getDeployer
INFO: Create Host deployer for direct deployment ( non-jmx ) 
Jun 15, 2020 10:49:44 PM org.apache.catalina.core.StandardHostDeployer install
INFO: Processing Context configuration file URL file:/home/professors/ajanes/pptam-tool/execute/faban/master/conf/Catalina/localhost/manager.xml
Jun 15, 2020 10:49:44 PM org.apache.catalina.core.StandardHostDeployer install
INFO: Processing Context configuration file URL file:/home/professors/ajanes/pptam-tool/execute/faban/master/conf/Catalina/localhost/admin.xml
Jun 15, 2020 10:49:44 PM org.apache.struts.util.PropertyMessageResources <init>
INFO: Initializing, config='org.apache.struts.util.LocalStrings', returnNull=true
Jun 15, 2020 10:49:44 PM org.apache.struts.util.PropertyMessageResources <init>
INFO: Initializing, config='org.apache.struts.action.ActionResources', returnNull=true
Jun 15, 2020 10:49:44 PM org.apache.struts.util.PropertyMessageResources <init>
INFO: Initializing, config='org.apache.webapp.admin.ApplicationResources', returnNull=true
Jun 15, 2020 10:49:45 PM org.apache.catalina.core.StandardHostDeployer install
INFO: Processing Context configuration file URL file:/home/professors/ajanes/pptam-tool/execute/faban/master/conf/Catalina/localhost/balancer.xml
Jun 15, 2020 10:49:45 PM org.apache.catalina.core.StandardHostDeployer install
INFO: Processing Context configuration file URL file:/home/professors/ajanes/pptam-tool/execute/faban/master/conf/Catalina/localhost/faban.xml
Jun 15, 2020 10:49:45 PM org.apache.catalina.core.StandardHostDeployer install
INFO: Installing web application at context path /fenxi from URL file:/home/professors/ajanes/pptam-tool/execute/faban/master/webapps/fenxi
OpenJDK 64-Bit Server VM warning: You have loaded library /home/professors/ajanes/pptam-tool/execute/faban/master/work/Catalina/localhost/fenxi/loader/com/sun/jna/linux-amd64/libjnidispatch.so which might have disabled stack guard. The VM will try to fix the stack guard now.
It's highly recommended that you fix the library with 'execstack -c <libfile>', or link it with '-z noexecstack'.
JRuby limited openssl loaded. gem install jruby-openssl for full support.
http://wiki.jruby.org/wiki/JRuby_Builtin_OpenSSL
Jun 15, 2020 10:49:52 PM org.apache.catalina.core.StandardHostDeployer install
INFO: Installing web application at context path /faban from URL file:/home/professors/ajanes/pptam-tool/execute/faban/master/webapps/faban
Jun 15, 2020 10:49:53 PM org.apache.coyote.http11.Http11Protocol start
SEVERE: Error starting endpoint
java.net.BindException: Address already in use (Bind failed):9980
	at org.apache.tomcat.util.net.PoolTcpEndpoint.initEndpoint(PoolTcpEndpoint.java:264)
	at org.apache.tomcat.util.net.PoolTcpEndpoint.startEndpoint(PoolTcpEndpoint.java:281)
	at org.apache.coyote.http11.Http11Protocol.start(Http11Protocol.java:171)
	at org.apache.coyote.tomcat5.CoyoteConnector.start(CoyoteConnector.java:1527)
	at org.apache.catalina.core.StandardService.start(StandardService.java:489)
	at org.apache.catalina.core.StandardServer.start(StandardServer.java:2313)
	at org.apache.catalina.startup.Catalina.start(Catalina.java:556)
	at sun.reflect.NativeMethodAccessorImpl.invoke0(Native Method)
	at sun.reflect.NativeMethodAccessorImpl.invoke(NativeMethodAccessorImpl.java:62)
	at sun.reflect.DelegatingMethodAccessorImpl.invoke(DelegatingMethodAccessorImpl.java:43)
	at java.lang.reflect.Method.invoke(Method.java:498)
	at org.apache.catalina.startup.Bootstrap.start(Bootstrap.java:284)
	at org.apache.catalina.startup.Bootstrap.main(Bootstrap.java:422)

Jun 15, 2020 10:49:53 PM org.apache.catalina.startup.Catalina start
SEVERE: Catalina.start: 
LifecycleException:  Protocol handler start failed: java.net.BindException: Address already in use (Bind failed):9980
	at org.apache.coyote.tomcat5.CoyoteConnector.start(CoyoteConnector.java:1529)
	at org.apache.catalina.core.StandardService.start(StandardService.java:489)
	at org.apache.catalina.core.StandardServer.start(StandardServer.java:2313)
	at org.apache.catalina.startup.Catalina.start(Catalina.java:556)
	at sun.reflect.NativeMethodAccessorImpl.invoke0(Native Method)
	at sun.reflect.NativeMethodAccessorImpl.invoke(NativeMethodAccessorImpl.java:62)
	at sun.reflect.DelegatingMethodAccessorImpl.invoke(DelegatingMethodAccessorImpl.java:43)
	at java.lang.reflect.Method.invoke(Method.java:498)
	at org.apache.catalina.startup.Bootstrap.start(Bootstrap.java:284)
	at org.apache.catalina.startup.Bootstrap.main(Bootstrap.java:422)

Jun 15, 2020 10:49:53 PM org.apache.catalina.startup.Catalina start
INFO: Server startup in 9085 ms
StandardServer.await: create[9984]: java.net.BindException: Address already in use (Bind failed)
java.net.BindException: Address already in use (Bind failed)
	at java.net.PlainSocketImpl.socketBind(Native Method)
	at java.net.AbstractPlainSocketImpl.bind(AbstractPlainSocketImpl.java:387)
	at java.net.ServerSocket.bind(ServerSocket.java:390)
	at java.net.ServerSocket.<init>(ServerSocket.java:252)
	at org.apache.catalina.core.StandardServer.await(StandardServer.java:496)
	at org.apache.catalina.startup.Catalina.await(Catalina.java:619)
	at org.apache.catalina.startup.Catalina.start(Catalina.java:579)
	at sun.reflect.NativeMethodAccessorImpl.invoke0(Native Method)
	at sun.reflect.NativeMethodAccessorImpl.invoke(NativeMethodAccessorImpl.java:62)
	at sun.reflect.DelegatingMethodAccessorImpl.invoke(DelegatingMethodAccessorImpl.java:43)
	at java.lang.reflect.Method.invoke(Method.java:498)
	at org.apache.catalina.startup.Bootstrap.start(Bootstrap.java:284)
	at org.apache.catalina.startup.Bootstrap.main(Bootstrap.java:422)
Jun 15, 2020 11:02:43 PM org.apache.coyote.http11.Http11Protocol init
INFO: Initializing Coyote HTTP/1.1 on http-9980
Jun 15, 2020 11:02:44 PM org.apache.catalina.startup.Catalina load
INFO: Initialization processed in 614 ms
Jun 15, 2020 11:02:44 PM org.apache.catalina.core.StandardService start
INFO: Starting service Catalina
Jun 15, 2020 11:02:44 PM org.apache.catalina.core.StandardEngine start
INFO: Starting Servlet Engine: Apache Tomcat/5.0.27
Jun 15, 2020 11:02:44 PM org.apache.catalina.core.StandardHost start
INFO: XML validation disabled
Jun 15, 2020 11:02:44 PM org.apache.catalina.core.StandardHost getDeployer
INFO: Create Host deployer for direct deployment ( non-jmx ) 
Jun 15, 2020 11:02:44 PM org.apache.catalina.core.StandardHostDeployer install
INFO: Processing Context configuration file URL file:/home/professors/ajanes/pptam-tool/execute/faban/master/conf/Catalina/localhost/manager.xml
Jun 15, 2020 11:02:44 PM org.apache.catalina.core.StandardHostDeployer install
INFO: Processing Context configuration file URL file:/home/professors/ajanes/pptam-tool/execute/faban/master/conf/Catalina/localhost/admin.xml
Jun 15, 2020 11:02:44 PM org.apache.struts.util.PropertyMessageResources <init>
INFO: Initializing, config='org.apache.struts.util.LocalStrings', returnNull=true
Jun 15, 2020 11:02:44 PM org.apache.struts.util.PropertyMessageResources <init>
INFO: Initializing, config='org.apache.struts.action.ActionResources', returnNull=true
Jun 15, 2020 11:02:45 PM org.apache.struts.util.PropertyMessageResources <init>
INFO: Initializing, config='org.apache.webapp.admin.ApplicationResources', returnNull=true
Jun 15, 2020 11:02:45 PM org.apache.catalina.core.StandardHostDeployer install
INFO: Processing Context configuration file URL file:/home/professors/ajanes/pptam-tool/execute/faban/master/conf/Catalina/localhost/balancer.xml
Jun 15, 2020 11:02:45 PM org.apache.catalina.core.StandardHostDeployer install
INFO: Processing Context configuration file URL file:/home/professors/ajanes/pptam-tool/execute/faban/master/conf/Catalina/localhost/faban.xml
Jun 15, 2020 11:02:45 PM org.apache.catalina.core.StandardHostDeployer install
INFO: Installing web application at context path /fenxi from URL file:/home/professors/ajanes/pptam-tool/execute/faban/master/webapps/fenxi
OpenJDK 64-Bit Server VM warning: You have loaded library /home/professors/ajanes/pptam-tool/execute/faban/master/work/Catalina/localhost/fenxi/loader/com/sun/jna/linux-amd64/libjnidispatch.so which might have disabled stack guard. The VM will try to fix the stack guard now.
It's highly recommended that you fix the library with 'execstack -c <libfile>', or link it with '-z noexecstack'.
JRuby limited openssl loaded. gem install jruby-openssl for full support.
http://wiki.jruby.org/wiki/JRuby_Builtin_OpenSSL
Jun 15, 2020 11:02:53 PM org.apache.catalina.core.StandardHostDeployer install
INFO: Installing web application at context path /faban from URL file:/home/professors/ajanes/pptam-tool/execute/faban/master/webapps/faban
Jun 15, 2020 11:02:54 PM org.apache.coyote.http11.Http11Protocol start
INFO: Starting Coyote HTTP/1.1 on http-9980
Jun 15, 2020 11:02:54 PM org.apache.jk.common.ChannelSocket init
INFO: JK2: ajp13 listening on /0.0.0.0:9985
Jun 15, 2020 11:02:54 PM org.apache.jk.server.JkMain start
INFO: Jk running ID=0 time=0/31  config=/home/professors/ajanes/pptam-tool/execute/faban/master/conf/jk2.properties
Jun 15, 2020 11:02:54 PM org.apache.catalina.startup.Catalina start
INFO: Server startup in 10263 ms
FileHelper.tokenReplace : replacing @binds@ with <xforms:bind id='bind-webBenchmarksocks_shop-20200615224759-test1-1' xforms:nodeset='/webBenchmarksocks_shop-20200615224759-test1-1'>
	<xforms:bind id='bind-jvmConfig' xforms:nodeset='fh:jvmConfig'  >
		<xforms:bind id='bind-jvmConfig-javaHome' xforms:nodeset='fh:javaHome'  >
		</xforms:bind>
		<xforms:bind id='bind-jvmConfig-jvmOptions' xforms:nodeset='fh:jvmOptions'  >
		</xforms:bind>
	</xforms:bind>
	<xforms:bind id='bind-runConfig' xforms:nodeset='fa:runConfig'  >
		<xforms:bind id='bind-runConfig-description' xforms:nodeset='fh:description'  >
		</xforms:bind>
		<xforms:bind id='bind-runConfig-hostConfig' xforms:nodeset='fa:hostConfig'  >
			<xforms:bind id='bind-runConfig-hostConfig-host' xforms:nodeset='fa:host'  >
			</xforms:bind>
			<xforms:bind id='bind-runConfig-enabledConfig-enabled' xforms:nodeset='fh:enabled'  >
			</xforms:bind>
			<xforms:bind id='bind-runConfig-cpusConfig-cpus' xforms:nodeset='fh:cpus'  >
			</xforms:bind>
			<xforms:bind id='bind-runConfig-toolsConfig-tools' xforms:nodeset='fh:tools'  >
			</xforms:bind>
			<xforms:bind id='bind-runConfig-userCommandsConfig-userCommands' xforms:nodeset='fh:userCommands'  >
			</xforms:bind>
		</xforms:bind>
		<xforms:bind id='bind-runConfig-scale' xforms:nodeset='fa:scale' xforms:type='positiveInteger'>
		</xforms:bind>
		<xforms:bind id='bind-runConfig-runControl' xforms:nodeset='fa:runControl'  >
			<xforms:bind id='bind-runConfig-runControl-rampUp' xforms:nodeset='fa:rampUp'  >
			</xforms:bind>
			<xforms:bind id='bind-runConfig-runControl-steadyState' xforms:nodeset='fa:steadyState'  >
			</xforms:bind>
			<xforms:bind id='bind-runConfig-runControl-rampDown' xforms:nodeset='fa:rampDown'  >
			</xforms:bind>
		</xforms:bind>
		<xforms:bind id='bind-runConfig-timeSync' xforms:nodeset='fh:timeSync'  >
		</xforms:bind>
		<xforms:bind id='bind-runConfig-outputDir' xforms:nodeset='fd:outputDir'  >
		</xforms:bind>
		<xforms:bind id='bind-runConfig-audit' xforms:nodeset='fd:audit'  >
		</xforms:bind>
		<xforms:bind id='bind-runConfig-threadStart' xforms:nodeset='fd:threadStart'  >
			<xforms:bind id='bind-runConfig-threadStart-delay' xforms:nodeset='fd:delay' xforms:type='positiveInteger'>
			</xforms:bind>
			<xforms:bind id='bind-runConfig-threadStart-simultaneous' xforms:nodeset='fd:simultaneous'  >
			</xforms:bind>
			<xforms:bind id='bind-runConfig-threadStart-parallel' xforms:nodeset='fd:parallel'  >
			</xforms:bind>
		</xforms:bind>
		<xforms:bind id='bind-runConfig-stats' xforms:nodeset='fd:stats'  >
			<xforms:bind id='bind-runConfig-stats-maxRunTime' xforms:nodeset='fd:maxRunTime'  >
			</xforms:bind>
			<xforms:bind id='bind-runConfig-stats-interval' xforms:nodeset='fd:interval'  >
			</xforms:bind>
		</xforms:bind>
		<xforms:bind id='bind-runConfig-runtimeStats' xforms:nodeset='fd:runtimeStats'  >
			<xforms:bind id='bind-runConfig-runtimeStats-interval' xforms:nodeset='fd:interval'  >
			</xforms:bind>
		</xforms:bind>
		<xforms:bind id='bind-runConfig-driverConfig' xforms:nodeset='fd:driverConfig[@name="WebDriver"]'  >
			<xforms:bind id='bind-runConfig-driverConfig-agents' xforms:nodeset='fd:agents'  >
			</xforms:bind>
			<xforms:bind id='bind-runConfig-driverConfig-stats' xforms:nodeset='fd:stats'  >
				<xforms:bind id='bind-runConfig-driverConfig-stats-interval' xforms:nodeset='fd:interval'  >
				</xforms:bind>
			</xforms:bind>
			<xforms:bind id='bind-runConfig-driverConfig-runtimeStats' xforms:nodeset='fd:runtimeStats'  >
			</xforms:bind>
		</xforms:bind>
	</xforms:bind>
	<xforms:bind id='bind-serverConfig' xforms:nodeset='serverConfig'  >
		<xforms:bind id='bind-serverConfig-host' xforms:nodeset='host'  >
		</xforms:bind>
		<xforms:bind id='bind-serverConfig-port' xforms:nodeset='port' xforms:type='positiveInteger'>
		</xforms:bind>
	</xforms:bind>
</xforms:bind>

FileHelper.tokenReplace : replacing @labels@ with <webBenchmarksocks_shop-20200615224759-test1-1>Web&#160;Benchmarksocks_shop-20200615224759-test1-1</webBenchmarksocks_shop-20200615224759-test1-1>
<jvmConfig>Jvm&#160;Config</jvmConfig>
<javaHome>Java&#160;Home</javaHome>
<jvmOptions>Jvm&#160;Options</jvmOptions>
<runConfig>Run&#160;Config</runConfig>
<description>Description</description>
<hostConfig>Host&#160;Config</hostConfig>
<host>Host</host>
<enabled>Enabled</enabled>
<cpus>Cpus</cpus>
<tools>Tools</tools>
<userCommands>User&#160;Commands</userCommands>
<scale>Scale</scale>
<runControl>Run&#160;Control</runControl>
<rampUp>Ramp&#160;Up</rampUp>
<steadyState>Steady&#160;State</steadyState>
<rampDown>Ramp&#160;Down</rampDown>
<timeSync>Time&#160;Sync</timeSync>
<outputDir>Output&#160;Dir</outputDir>
<audit>Audit</audit>
<stats>Stats</stats>
<maxRunTime>Max&#160;Run&#160;Time</maxRunTime>
<interval>Interval</interval>
<runtimeStats>Runtime&#160;Stats</runtimeStats>
<driverConfig>Driver&#160;Config</driverConfig>
<agents>Agents</agents>
<serverConfig>Server&#160;Config</serverConfig>
<port>Port</port>

FileHelper.tokenReplace : replacing @triggers@ with <xforms:trigger id='trigger-jvmConfig'>
	<xforms:label xforms:model='benchmark-labels' xforms:ref='/labels/jvmConfig'/>
	<xforms:action id='action-jvmConfig'>
		<xforms:revalidate xforms:model='benchmark-model' id='revalidate-jvmConfig'/>
		<xforms:toggle id='toggle-jvmConfig' xforms:case='case-jvmConfig'/>
	</xforms:action>
</xforms:trigger>
<xforms:trigger id='trigger-runConfig'>
	<xforms:label xforms:model='benchmark-labels' xforms:ref='/labels/runConfig'/>
	<xforms:action id='action-runConfig'>
		<xforms:revalidate xforms:model='benchmark-model' id='revalidate-runConfig'/>
		<xforms:toggle id='toggle-runConfig' xforms:case='case-runConfig'/>
	</xforms:action>
</xforms:trigger>
<xforms:trigger id='trigger-serverConfig'>
	<xforms:label xforms:model='benchmark-labels' xforms:ref='/labels/serverConfig'/>
	<xforms:action id='action-serverConfig'>
		<xforms:revalidate xforms:model='benchmark-model' id='revalidate-serverConfig'/>
		<xforms:toggle id='toggle-serverConfig' xforms:case='case-serverConfig'/>
	</xforms:action>
</xforms:trigger>

FileHelper.tokenReplace : replacing @cases@ with <xforms:case id='case-jvmConfig'>
	<xforms:group id='group-nogroup'>
		<xforms:input id='input-jvmConfig-javaHome' xforms:bind='bind-jvmConfig-javaHome'>
			<xforms:label xforms:model='benchmark-labels' xforms:ref='/labels/javaHome'/>
		</xforms:input>
		<xforms:input id='input-jvmConfig-jvmOptions' xforms:bind='bind-jvmConfig-jvmOptions'>
			<xforms:label xforms:model='benchmark-labels' xforms:ref='/labels/jvmOptions'/>
		</xforms:input>

</xforms:group>
	    
</xforms:case>
<xforms:case id='case-runConfig'>
	<xforms:group id='group-nogroup'>

		<xforms:textarea id='input-runConfig-description' xforms:bind='bind-runConfig-description'>
			<xforms:label xforms:model='benchmark-labels' xforms:ref='/labels/description'/>
		</xforms:textarea>
		<xforms:input id='input-runConfig-scale' xforms:bind='bind-runConfig-scale'>
			<xforms:label xforms:model='benchmark-labels' xforms:ref='/labels/scale'/>
		</xforms:input>

</xforms:group>
	   <xforms:group id='group-hostConfig'>
<xforms:label xforms:model='benchmark-labels' xforms:ref='/labels/hostConfig' />
	<xforms:input id='input-runConfig-hostConfig-host' xforms:bind='bind-runConfig-hostConfig-host'>
			<xforms:label xforms:model='benchmark-labels' xforms:ref='/labels/host'/>
		</xforms:input>
	<xforms:select1 id='input-runConfig-enabledConfig-enabled' xforms:bind='bind-runConfig-enabledConfig-enabled'>
		<xforms:label xforms:model='benchmark-labels' xforms:ref='/labels/enabled'/>
			<xforms:choices>
				<xforms:item>
					<xforms:label xforms:model='benchmark-labels' xforms:ref='/labels/true'/>
					<xforms:value>true</xforms:value>
				</xforms:item>
				<xforms:item>
					<xforms:label xforms:model='benchmark-labels' xforms:ref='/labels/false'/>
					<xforms:value>false</xforms:value>
				</xforms:item>
			</xforms:choices>
		</xforms:select1>
 	<xforms:input id='input-runConfig-toolsConfig-tools' xforms:bind='bind-runConfig-toolsConfig-tools'>
			<xforms:label xforms:model='benchmark-labels' xforms:ref='/labels/tools'/>
		</xforms:input>
	<xforms:input id='input-runConfig-userCommandsConfig-userCommands' xforms:bind='bind-runConfig-userCommandsConfig-userCommands'>
			<xforms:label xforms:model='benchmark-labels' xforms:ref='/labels/userCommands'/>
		</xforms:input>
</xforms:group>
      <xforms:group id='group-runControl'>
<xforms:label xforms:model='benchmark-labels' xforms:ref='/labels/runControl' />
	<xforms:input id='input-runConfig-runControl-rampUp' xforms:bind='bind-runConfig-runControl-rampUp'>
			<xforms:label xforms:model='benchmark-labels' xforms:ref='/labels/rampUp'/>
		</xforms:input>
	<xforms:input id='input-runConfig-runControl-steadyState' xforms:bind='bind-runConfig-runControl-steadyState'>
			<xforms:label xforms:model='benchmark-labels' xforms:ref='/labels/steadyState'/>
		</xforms:input>
	<xforms:input id='input-runConfig-runControl-rampDown' xforms:bind='bind-runConfig-runControl-rampDown'>
			<xforms:label xforms:model='benchmark-labels' xforms:ref='/labels/rampDown'/>
		</xforms:input>
</xforms:group>
      <xforms:group id='group-threadStart'>
<xforms:label xforms:model='benchmark-labels' xforms:ref='/labels/threadStart' />
	<xforms:input id='input-runConfig-threadStart-delay' xforms:bind='bind-runConfig-threadStart-delay'>
			<xforms:label xforms:model='benchmark-labels' xforms:ref='/labels/delay'/>
		</xforms:input>
	<xforms:select1 id='input-runConfig-threadStart-simultaneous' xforms:bind='bind-runConfig-threadStart-simultaneous'>
		<xforms:label xforms:model='benchmark-labels' xforms:ref='/labels/simultaneous'/>
			<xforms:choices>
				<xforms:item>
					<xforms:label xforms:model='benchmark-labels' xforms:ref='/labels/yes'/>
					<xforms:value>true</xforms:value>
				</xforms:item>
				<xforms:item>
					<xforms:label xforms:model='benchmark-labels' xforms:ref='/labels/no'/>
					<xforms:value>false</xforms:value>
				</xforms:item>
			</xforms:choices>
		</xforms:select1>
	<xforms:select1 id='input-runConfig-threadStart-parallel' xforms:bind='bind-runConfig-threadStart-parallel'>
		<xforms:label xforms:model='benchmark-labels' xforms:ref='/labels/parallel'/>
			<xforms:choices>
				<xforms:item>
					<xforms:label xforms:model='benchmark-labels' xforms:ref='/labels/yes'/>
					<xforms:value>true</xforms:value>
				</xforms:item>
				<xforms:item>
					<xforms:label xforms:model='benchmark-labels' xforms:ref='/labels/no'/>
					<xforms:value>false</xforms:value>
				</xforms:item>
			</xforms:choices>
		</xforms:select1>
</xforms:group>
        <xforms:group id='group-driverConfig'>
<xforms:label xforms:model='benchmark-labels' xforms:ref='/labels/driverConfig' />
	<xforms:input id='input-runConfig-driverConfig-agents' xforms:bind='bind-runConfig-driverConfig-agents'>
			<xforms:label xforms:model='benchmark-labels' xforms:ref='/labels/agents'/>
		</xforms:input>
 		<xforms:input id='input-runConfig-driverConfig-stats-interval' xforms:bind='bind-runConfig-driverConfig-stats-interval'>
			<xforms:label xforms:model='benchmark-labels' xforms:ref='/labels/interval'/>
		</xforms:input>
	 </xforms:group>
    
</xforms:case>
<xforms:case id='case-serverConfig'>
	<xforms:group id='group-nogroup'>

		<xforms:input id='input-serverConfig-host' xforms:bind='bind-serverConfig-host'>
			<xforms:label xforms:model='benchmark-labels' xforms:ref='/labels/host'/>
		</xforms:input>
		<xforms:input id='input-serverConfig-port' xforms:bind='bind-serverConfig-port'>
			<xforms:label xforms:model='benchmark-labels' xforms:ref='/labels/port'/>
		</xforms:input>

</xforms:group>
	    
</xforms:case>

FileHelper.tokenReplace : replacing @binds@ with <xforms:bind id='bind-webBenchmarksocks_shop-20200615231635-test1-1' xforms:nodeset='/webBenchmarksocks_shop-20200615231635-test1-1'>
	<xforms:bind id='bind-jvmConfig' xforms:nodeset='fh:jvmConfig'  >
		<xforms:bind id='bind-jvmConfig-javaHome' xforms:nodeset='fh:javaHome'  >
		</xforms:bind>
		<xforms:bind id='bind-jvmConfig-jvmOptions' xforms:nodeset='fh:jvmOptions'  >
		</xforms:bind>
	</xforms:bind>
	<xforms:bind id='bind-runConfig' xforms:nodeset='fa:runConfig'  >
		<xforms:bind id='bind-runConfig-description' xforms:nodeset='fh:description'  >
		</xforms:bind>
		<xforms:bind id='bind-runConfig-hostConfig' xforms:nodeset='fa:hostConfig'  >
			<xforms:bind id='bind-runConfig-hostConfig-host' xforms:nodeset='fa:host'  >
			</xforms:bind>
			<xforms:bind id='bind-runConfig-enabledConfig-enabled' xforms:nodeset='fh:enabled'  >
			</xforms:bind>
			<xforms:bind id='bind-runConfig-cpusConfig-cpus' xforms:nodeset='fh:cpus'  >
			</xforms:bind>
			<xforms:bind id='bind-runConfig-toolsConfig-tools' xforms:nodeset='fh:tools'  >
			</xforms:bind>
			<xforms:bind id='bind-runConfig-userCommandsConfig-userCommands' xforms:nodeset='fh:userCommands'  >
			</xforms:bind>
		</xforms:bind>
		<xforms:bind id='bind-runConfig-scale' xforms:nodeset='fa:scale' xforms:type='positiveInteger'>
		</xforms:bind>
		<xforms:bind id='bind-runConfig-runControl' xforms:nodeset='fa:runControl'  >
			<xforms:bind id='bind-runConfig-runControl-rampUp' xforms:nodeset='fa:rampUp'  >
			</xforms:bind>
			<xforms:bind id='bind-runConfig-runControl-steadyState' xforms:nodeset='fa:steadyState'  >
			</xforms:bind>
			<xforms:bind id='bind-runConfig-runControl-rampDown' xforms:nodeset='fa:rampDown'  >
			</xforms:bind>
		</xforms:bind>
		<xforms:bind id='bind-runConfig-timeSync' xforms:nodeset='fh:timeSync'  >
		</xforms:bind>
		<xforms:bind id='bind-runConfig-outputDir' xforms:nodeset='fd:outputDir'  >
		</xforms:bind>
		<xforms:bind id='bind-runConfig-audit' xforms:nodeset='fd:audit'  >
		</xforms:bind>
		<xforms:bind id='bind-runConfig-threadStart' xforms:nodeset='fd:threadStart'  >
			<xforms:bind id='bind-runConfig-threadStart-delay' xforms:nodeset='fd:delay' xforms:type='positiveInteger'>
			</xforms:bind>
			<xforms:bind id='bind-runConfig-threadStart-simultaneous' xforms:nodeset='fd:simultaneous'  >
			</xforms:bind>
			<xforms:bind id='bind-runConfig-threadStart-parallel' xforms:nodeset='fd:parallel'  >
			</xforms:bind>
		</xforms:bind>
		<xforms:bind id='bind-runConfig-stats' xforms:nodeset='fd:stats'  >
			<xforms:bind id='bind-runConfig-stats-maxRunTime' xforms:nodeset='fd:maxRunTime'  >
			</xforms:bind>
			<xforms:bind id='bind-runConfig-stats-interval' xforms:nodeset='fd:interval'  >
			</xforms:bind>
		</xforms:bind>
		<xforms:bind id='bind-runConfig-runtimeStats' xforms:nodeset='fd:runtimeStats'  >
			<xforms:bind id='bind-runConfig-runtimeStats-interval' xforms:nodeset='fd:interval'  >
			</xforms:bind>
		</xforms:bind>
		<xforms:bind id='bind-runConfig-driverConfig' xforms:nodeset='fd:driverConfig[@name="WebDriver"]'  >
			<xforms:bind id='bind-runConfig-driverConfig-agents' xforms:nodeset='fd:agents'  >
			</xforms:bind>
			<xforms:bind id='bind-runConfig-driverConfig-stats' xforms:nodeset='fd:stats'  >
				<xforms:bind id='bind-runConfig-driverConfig-stats-interval' xforms:nodeset='fd:interval'  >
				</xforms:bind>
			</xforms:bind>
			<xforms:bind id='bind-runConfig-driverConfig-runtimeStats' xforms:nodeset='fd:runtimeStats'  >
			</xforms:bind>
		</xforms:bind>
	</xforms:bind>
	<xforms:bind id='bind-serverConfig' xforms:nodeset='serverConfig'  >
		<xforms:bind id='bind-serverConfig-host' xforms:nodeset='host'  >
		</xforms:bind>
		<xforms:bind id='bind-serverConfig-port' xforms:nodeset='port' xforms:type='positiveInteger'>
		</xforms:bind>
	</xforms:bind>
</xforms:bind>

FileHelper.tokenReplace : replacing @labels@ with <webBenchmarksocks_shop-20200615231635-test1-1>Web&#160;Benchmarksocks_shop-20200615231635-test1-1</webBenchmarksocks_shop-20200615231635-test1-1>
<jvmConfig>Jvm&#160;Config</jvmConfig>
<javaHome>Java&#160;Home</javaHome>
<jvmOptions>Jvm&#160;Options</jvmOptions>
<runConfig>Run&#160;Config</runConfig>
<description>Description</description>
<hostConfig>Host&#160;Config</hostConfig>
<host>Host</host>
<enabled>Enabled</enabled>
<cpus>Cpus</cpus>
<tools>Tools</tools>
<userCommands>User&#160;Commands</userCommands>
<scale>Scale</scale>
<runControl>Run&#160;Control</runControl>
<rampUp>Ramp&#160;Up</rampUp>
<steadyState>Steady&#160;State</steadyState>
<rampDown>Ramp&#160;Down</rampDown>
<timeSync>Time&#160;Sync</timeSync>
<outputDir>Output&#160;Dir</outputDir>
<audit>Audit</audit>
<stats>Stats</stats>
<maxRunTime>Max&#160;Run&#160;Time</maxRunTime>
<interval>Interval</interval>
<runtimeStats>Runtime&#160;Stats</runtimeStats>
<driverConfig>Driver&#160;Config</driverConfig>
<agents>Agents</agents>
<serverConfig>Server&#160;Config</serverConfig>
<port>Port</port>

FileHelper.tokenReplace : replacing @triggers@ with <xforms:trigger id='trigger-jvmConfig'>
	<xforms:label xforms:model='benchmark-labels' xforms:ref='/labels/jvmConfig'/>
	<xforms:action id='action-jvmConfig'>
		<xforms:revalidate xforms:model='benchmark-model' id='revalidate-jvmConfig'/>
		<xforms:toggle id='toggle-jvmConfig' xforms:case='case-jvmConfig'/>
	</xforms:action>
</xforms:trigger>
<xforms:trigger id='trigger-runConfig'>
	<xforms:label xforms:model='benchmark-labels' xforms:ref='/labels/runConfig'/>
	<xforms:action id='action-runConfig'>
		<xforms:revalidate xforms:model='benchmark-model' id='revalidate-runConfig'/>
		<xforms:toggle id='toggle-runConfig' xforms:case='case-runConfig'/>
	</xforms:action>
</xforms:trigger>
<xforms:trigger id='trigger-serverConfig'>
	<xforms:label xforms:model='benchmark-labels' xforms:ref='/labels/serverConfig'/>
	<xforms:action id='action-serverConfig'>
		<xforms:revalidate xforms:model='benchmark-model' id='revalidate-serverConfig'/>
		<xforms:toggle id='toggle-serverConfig' xforms:case='case-serverConfig'/>
	</xforms:action>
</xforms:trigger>

FileHelper.tokenReplace : replacing @cases@ with <xforms:case id='case-jvmConfig'>
	<xforms:group id='group-nogroup'>
		<xforms:input id='input-jvmConfig-javaHome' xforms:bind='bind-jvmConfig-javaHome'>
			<xforms:label xforms:model='benchmark-labels' xforms:ref='/labels/javaHome'/>
		</xforms:input>
		<xforms:input id='input-jvmConfig-jvmOptions' xforms:bind='bind-jvmConfig-jvmOptions'>
			<xforms:label xforms:model='benchmark-labels' xforms:ref='/labels/jvmOptions'/>
		</xforms:input>

</xforms:group>
	    
</xforms:case>
<xforms:case id='case-runConfig'>
	<xforms:group id='group-nogroup'>

		<xforms:textarea id='input-runConfig-description' xforms:bind='bind-runConfig-description'>
			<xforms:label xforms:model='benchmark-labels' xforms:ref='/labels/description'/>
		</xforms:textarea>
		<xforms:input id='input-runConfig-scale' xforms:bind='bind-runConfig-scale'>
			<xforms:label xforms:model='benchmark-labels' xforms:ref='/labels/scale'/>
		</xforms:input>

</xforms:group>
	   <xforms:group id='group-hostConfig'>
<xforms:label xforms:model='benchmark-labels' xforms:ref='/labels/hostConfig' />
	<xforms:input id='input-runConfig-hostConfig-host' xforms:bind='bind-runConfig-hostConfig-host'>
			<xforms:label xforms:model='benchmark-labels' xforms:ref='/labels/host'/>
		</xforms:input>
	<xforms:select1 id='input-runConfig-enabledConfig-enabled' xforms:bind='bind-runConfig-enabledConfig-enabled'>
		<xforms:label xforms:model='benchmark-labels' xforms:ref='/labels/enabled'/>
			<xforms:choices>
				<xforms:item>
					<xforms:label xforms:model='benchmark-labels' xforms:ref='/labels/true'/>
					<xforms:value>true</xforms:value>
				</xforms:item>
				<xforms:item>
					<xforms:label xforms:model='benchmark-labels' xforms:ref='/labels/false'/>
					<xforms:value>false</xforms:value>
				</xforms:item>
			</xforms:choices>
		</xforms:select1>
 	<xforms:input id='input-runConfig-toolsConfig-tools' xforms:bind='bind-runConfig-toolsConfig-tools'>
			<xforms:label xforms:model='benchmark-labels' xforms:ref='/labels/tools'/>
		</xforms:input>
	<xforms:input id='input-runConfig-userCommandsConfig-userCommands' xforms:bind='bind-runConfig-userCommandsConfig-userCommands'>
			<xforms:label xforms:model='benchmark-labels' xforms:ref='/labels/userCommands'/>
		</xforms:input>
</xforms:group>
      <xforms:group id='group-runControl'>
<xforms:label xforms:model='benchmark-labels' xforms:ref='/labels/runControl' />
	<xforms:input id='input-runConfig-runControl-rampUp' xforms:bind='bind-runConfig-runControl-rampUp'>
			<xforms:label xforms:model='benchmark-labels' xforms:ref='/labels/rampUp'/>
		</xforms:input>
	<xforms:input id='input-runConfig-runControl-steadyState' xforms:bind='bind-runConfig-runControl-steadyState'>
			<xforms:label xforms:model='benchmark-labels' xforms:ref='/labels/steadyState'/>
		</xforms:input>
	<xforms:input id='input-runConfig-runControl-rampDown' xforms:bind='bind-runConfig-runControl-rampDown'>
			<xforms:label xforms:model='benchmark-labels' xforms:ref='/labels/rampDown'/>
		</xforms:input>
</xforms:group>
      <xforms:group id='group-threadStart'>
<xforms:label xforms:model='benchmark-labels' xforms:ref='/labels/threadStart' />
	<xforms:input id='input-runConfig-threadStart-delay' xforms:bind='bind-runConfig-threadStart-delay'>
			<xforms:label xforms:model='benchmark-labels' xforms:ref='/labels/delay'/>
		</xforms:input>
	<xforms:select1 id='input-runConfig-threadStart-simultaneous' xforms:bind='bind-runConfig-threadStart-simultaneous'>
		<xforms:label xforms:model='benchmark-labels' xforms:ref='/labels/simultaneous'/>
			<xforms:choices>
				<xforms:item>
					<xforms:label xforms:model='benchmark-labels' xforms:ref='/labels/yes'/>
					<xforms:value>true</xforms:value>
				</xforms:item>
				<xforms:item>
					<xforms:label xforms:model='benchmark-labels' xforms:ref='/labels/no'/>
					<xforms:value>false</xforms:value>
				</xforms:item>
			</xforms:choices>
		</xforms:select1>
	<xforms:select1 id='input-runConfig-threadStart-parallel' xforms:bind='bind-runConfig-threadStart-parallel'>
		<xforms:label xforms:model='benchmark-labels' xforms:ref='/labels/parallel'/>
			<xforms:choices>
				<xforms:item>
					<xforms:label xforms:model='benchmark-labels' xforms:ref='/labels/yes'/>
					<xforms:value>true</xforms:value>
				</xforms:item>
				<xforms:item>
					<xforms:label xforms:model='benchmark-labels' xforms:ref='/labels/no'/>
					<xforms:value>false</xforms:value>
				</xforms:item>
			</xforms:choices>
		</xforms:select1>
</xforms:group>
        <xforms:group id='group-driverConfig'>
<xforms:label xforms:model='benchmark-labels' xforms:ref='/labels/driverConfig' />
	<xforms:input id='input-runConfig-driverConfig-agents' xforms:bind='bind-runConfig-driverConfig-agents'>
			<xforms:label xforms:model='benchmark-labels' xforms:ref='/labels/agents'/>
		</xforms:input>
 		<xforms:input id='input-runConfig-driverConfig-stats-interval' xforms:bind='bind-runConfig-driverConfig-stats-interval'>
			<xforms:label xforms:model='benchmark-labels' xforms:ref='/labels/interval'/>
		</xforms:input>
	 </xforms:group>
    
</xforms:case>
<xforms:case id='case-serverConfig'>
	<xforms:group id='group-nogroup'>

		<xforms:input id='input-serverConfig-host' xforms:bind='bind-serverConfig-host'>
			<xforms:label xforms:model='benchmark-labels' xforms:ref='/labels/host'/>
		</xforms:input>
		<xforms:input id='input-serverConfig-port' xforms:bind='bind-serverConfig-port'>
			<xforms:label xforms:model='benchmark-labels' xforms:ref='/labels/port'/>
		</xforms:input>

</xforms:group>
	    
</xforms:case>

